<?xml version="1.0" encoding="UTF-8"?>
<testng-results ignored="0" total="1" passed="1" failed="0" skipped="0">
  <reporter-output>
  </reporter-output>
  <suite started-at="2023-02-04T14:26:39 EST" name="Default suite" finished-at="2023-02-04T14:26:53 EST" duration-ms="13523">
    <groups>
    </groups>
    <test started-at="2023-02-04T14:26:39 EST" name="Default test" finished-at="2023-02-04T14:26:53 EST" duration-ms="13523">
      <class name="org.mm.FlightBooking">
        <test-method is-config="true" signature="setUp()[pri:0, instance:org.mm.FlightBooking@6babf3bf]" started-at="2023-02-04T14:26:39 EST" name="setUp" finished-at="2023-02-04T14:26:48 EST" duration-ms="8418" status="PASS">
          <reporter-output>
          </reporter-output>
        </test-method> <!-- setUp -->
        <test-method signature="UserRegisterTest()[pri:1, instance:org.mm.FlightBooking@6babf3bf]" started-at="2023-02-04T14:26:48 EST" name="UserRegisterTest" finished-at="2023-02-04T14:26:52 EST" duration-ms="4178" status="PASS">
          <reporter-output>
          </reporter-output>
        </test-method> <!-- UserRegisterTest -->
        <test-method is-config="true" signature="CloseBrowser()[pri:0, instance:org.mm.FlightBooking@6babf3bf]" started-at="2023-02-04T14:26:52 EST" name="CloseBrowser" finished-at="2023-02-04T14:26:53 EST" duration-ms="876" status="PASS">
          <reporter-output>
          </reporter-output>
        </test-method> <!-- CloseBrowser -->
      </class> <!-- org.mm.FlightBooking -->
    </test> <!-- Default test -->
  </suite> <!-- Default suite -->
</testng-results>
